Ma so sinh vien :22520856
Ho va ten cao quang minh
Ngay sinh :9/3/2004
Diem toan :10
Diem van :9
Diem anh van :10
Diem tong :29
<---------------------------->
Ma so sinh vien :22521234
Ho va ten nguyen tuan khoa
Ngay sinh :2/9/2004
Diem toan :10
Diem van :10
Diem anh van :10
Diem tong :30
<---------------------------->
Ma so sinh vien :22521095
Ho va ten Vũ Thanh Phong
Ngay sinh :31/3/2002
Diem toan :7.3
Diem van :1.3
Diem anh van :9
Diem tong :17.6
<---------------------------->
